[2025-02-24 11:26:10] production.ERROR: SQLSTATE[HY000]: General error: 1005 Can't create table `u142585150_achei_digital`.`contatos` (errno: 150 "Foreign key constraint is incorrectly formed") (SQL: alter table `contatos` add constraint `contatos_id_usuario_foreign` foreign key (`id_usuario`) references `usuarios` (`id`) on delete cascade) {"exception":"[object] (Illuminate\\Database\\QueryException(code: HY000): SQLSTATE[HY000]: General error: 1005 Can't create table `u142585150_achei_digital`.`contatos` (errno: 150 \"Foreign key constraint is incorrectly formed\") (SQL: alter table `contatos` add constraint `contatos_id_usuario_foreign` foreign key (`id_usuario`) references `usuarios` (`id`) on delete cascade) at /home/u142585150/domains/achei.digital/public_html/api/vendor/laravel/framework/src/Illuminate/Database/Connection.php:760)
[stacktrace]
#0 /home/u142585150/domains/achei.digital/public_html/api/vendor/laravel/framework/src/Illuminate/Database/Connection.php(720): Illuminate\\Database\\Connection->runQueryCallback()
#1 /home/u142585150/domains/achei.digital/public_html/api/vendor/laravel/framework/src/Illuminate/Database/Connection.php(534): Illuminate\\Database\\Connection->run()
#2 /home/u142585150/domains/achei.digital/public_html/api/vendor/laravel/framework/src/Illuminate/Database/Schema/Blueprint.php(109): Illuminate\\Database\\Connection->statement()
#3 /home/u142585150/domains/achei.digital/public_html/api/vendor/laravel/framework/src/Illuminate/Database/Schema/Builder.php(439): Illuminate\\Database\\Schema\\Blueprint->build()
#4 /home/u142585150/domains/achei.digital/public_html/api/vendor/laravel/framework/src/Illuminate/Database/Schema/Builder.php(281): Illuminate\\Database\\Schema\\Builder->build()
#5 /home/u142585150/domains/achei.digital/public_html/api/vendor/laravel/framework/src/Illuminate/Support/Facades/Facade.php(338): Illuminate\\Database\\Schema\\Builder->create()
#6 /home/u142585150/domains/achei.digital/public_html/api/database/migrations/2025_02_18_141457_create_contatos_table.php(16): Illuminate\\Support\\Facades\\Facade::__callStatic()
#7 /home/u142585150/domains/achei.digital/public_html/api/vendor/laravel/framework/src/Illuminate/Database/Migrations/Migrator.php(496): Illuminate\\Database\\Migrations\\Migration@anonymous->up()
#8 /home/u142585150/domains/achei.digital/public_html/api/vendor/laravel/framework/src/Illuminate/Database/Migrations/Migrator.php(414): Illuminate\\Database\\Migrations\\Migrator->runMethod()
#9 /home/u142585150/domains/achei.digital/public_html/api/vendor/laravel/framework/src/Illuminate/Database/Migrations/Migrator.php(423): Illuminate\\Database\\Migrations\\Migrator->Illuminate\\Database\\Migrations\\{closure}()
#10 /home/u142585150/domains/achei.digital/public_html/api/vendor/laravel/framework/src/Illuminate/Database/Migrations/Migrator.php(224): Illuminate\\Database\\Migrations\\Migrator->runMigration()
#11 /home/u142585150/domains/achei.digital/public_html/api/vendor/laravel/framework/src/Illuminate/Console/View/Components/Task.php(37): Illuminate\\Database\\Migrations\\Migrator->Illuminate\\Database\\Migrations\\{closure}()
#12 /home/u142585150/domains/achei.digital/public_html/api/vendor/laravel/framework/src/Illuminate/Database/Migrations/Migrator.php(778): Illuminate\\Console\\View\\Components\\Task->render()
#13 /home/u142585150/domains/achei.digital/public_html/api/vendor/laravel/framework/src/Illuminate/Database/Migrations/Migrator.php(224): Illuminate\\Database\\Migrations\\Migrator->write()
#14 /home/u142585150/domains/achei.digital/public_html/api/vendor/laravel/framework/src/Illuminate/Database/Migrations/Migrator.php(189): Illuminate\\Database\\Migrations\\Migrator->runUp()
#15 /home/u142585150/domains/achei.digital/public_html/api/vendor/laravel/framework/src/Illuminate/Database/Migrations/Migrator.php(132): Illuminate\\Database\\Migrations\\Migrator->runPending()
#16 /home/u142585150/domains/achei.digital/public_html/api/vendor/laravel/framework/src/Illuminate/Database/Console/Migrations/MigrateCommand.php(88): Illuminate\\Database\\Migrations\\Migrator->run()
#17 /home/u142585150/domains/achei.digital/public_html/api/vendor/laravel/framework/src/Illuminate/Database/Migrations/Migrator.php(636): Illuminate\\Database\\Console\\Migrations\\MigrateCommand->Illuminate\\Database\\Console\\Migrations\\{closure}()
#18 /home/u142585150/domains/achei.digital/public_html/api/vendor/laravel/framework/src/Illuminate/Database/Console/Migrations/MigrateCommand.php(81): Illuminate\\Database\\Migrations\\Migrator->usingConnection()
#19 /home/u142585150/domains/achei.digital/public_html/api/vendor/laravel/framework/src/Illuminate/Container/BoundMethod.php(36): Illuminate\\Database\\Console\\Migrations\\MigrateCommand->handle()
#20 /home/u142585150/domains/achei.digital/public_html/api/vendor/laravel/framework/src/Illuminate/Container/Util.php(41): Illuminate\\Container\\BoundMethod::Illuminate\\Container\\{closure}()
#21 /home/u142585150/domains/achei.digital/public_html/api/vendor/laravel/framework/src/Illuminate/Container/BoundMethod.php(93): Illuminate\\Container\\Util::unwrapIfClosure()
#22 /home/u142585150/domains/achei.digital/public_html/api/vendor/laravel/framework/src/Illuminate/Container/BoundMethod.php(35): Illuminate\\Container\\BoundMethod::callBoundMethod()
#23 /home/u142585150/domains/achei.digital/public_html/api/vendor/laravel/framework/src/Illuminate/Container/Container.php(661): Illuminate\\Container\\BoundMethod::call()
#24 /home/u142585150/domains/achei.digital/public_html/api/vendor/laravel/framework/src/Illuminate/Console/Command.php(183): Illuminate\\Container\\Container->call()
#25 /home/u142585150/domains/achei.digital/public_html/api/vendor/symfony/console/Command/Command.php(291): Illuminate\\Console\\Command->execute()
#26 /home/u142585150/domains/achei.digital/public_html/api/vendor/laravel/framework/src/Illuminate/Console/Command.php(152): Symfony\\Component\\Console\\Command\\Command->run()
#27 /home/u142585150/domains/achei.digital/public_html/api/vendor/symfony/console/Application.php(1014): Illuminate\\Console\\Command->run()
#28 /home/u142585150/domains/achei.digital/public_html/api/vendor/symfony/console/Application.php(301): Symfony\\Component\\Console\\Application->doRunCommand()
#29 /home/u142585150/domains/achei.digital/public_html/api/vendor/symfony/console/Application.php(171): Symfony\\Component\\Console\\Application->doRun()
#30 /home/u142585150/domains/achei.digital/public_html/api/vendor/laravel/framework/src/Illuminate/Console/Application.php(102): Symfony\\Component\\Console\\Application->run()
#31 /home/u142585150/domains/achei.digital/public_html/api/vendor/laravel/framework/src/Illuminate/Foundation/Console/Kernel.php(155): Illuminate\\Console\\Application->run()
#32 /home/u142585150/domains/achei.digital/public_html/api/artisan(35): Illuminate\\Foundation\\Console\\Kernel->handle()
#33 {main}

[previous exception] [object] (PDOException(code: HY000): SQLSTATE[HY000]: General error: 1005 Can't create table `u142585150_achei_digital`.`contatos` (errno: 150 \"Foreign key constraint is incorrectly formed\") at /home/u142585150/domains/achei.digital/public_html/api/vendor/laravel/framework/src/Illuminate/Database/Connection.php:545)
[stacktrace]
#0 /home/u142585150/domains/achei.digital/public_html/api/vendor/laravel/framework/src/Illuminate/Database/Connection.php(545): PDOStatement->execute()
#1 /home/u142585150/domains/achei.digital/public_html/api/vendor/laravel/framework/src/Illuminate/Database/Connection.php(753): Illuminate\\Database\\Connection->Illuminate\\Database\\{closure}()
#2 /home/u142585150/domains/achei.digital/public_html/api/vendor/laravel/framework/src/Illuminate/Database/Connection.php(720): Illuminate\\Database\\Connection->runQueryCallback()
#3 /home/u142585150/domains/achei.digital/public_html/api/vendor/laravel/framework/src/Illuminate/Database/Connection.php(534): Illuminate\\Database\\Connection->run()
#4 /home/u142585150/domains/achei.digital/public_html/api/vendor/laravel/framework/src/Illuminate/Database/Schema/Blueprint.php(109): Illuminate\\Database\\Connection->statement()
#5 /home/u142585150/domains/achei.digital/public_html/api/vendor/laravel/framework/src/Illuminate/Database/Schema/Builder.php(439): Illuminate\\Database\\Schema\\Blueprint->build()
#6 /home/u142585150/domains/achei.digital/public_html/api/vendor/laravel/framework/src/Illuminate/Database/Schema/Builder.php(281): Illuminate\\Database\\Schema\\Builder->build()
#7 /home/u142585150/domains/achei.digital/public_html/api/vendor/laravel/framework/src/Illuminate/Support/Facades/Facade.php(338): Illuminate\\Database\\Schema\\Builder->create()
#8 /home/u142585150/domains/achei.digital/public_html/api/database/migrations/2025_02_18_141457_create_contatos_table.php(16): Illuminate\\Support\\Facades\\Facade::__callStatic()
#9 /home/u142585150/domains/achei.digital/public_html/api/vendor/laravel/framework/src/Illuminate/Database/Migrations/Migrator.php(496): Illuminate\\Database\\Migrations\\Migration@anonymous->up()
#10 /home/u142585150/domains/achei.digital/public_html/api/vendor/laravel/framework/src/Illuminate/Database/Migrations/Migrator.php(414): Illuminate\\Database\\Migrations\\Migrator->runMethod()
#11 /home/u142585150/domains/achei.digital/public_html/api/vendor/laravel/framework/src/Illuminate/Database/Migrations/Migrator.php(423): Illuminate\\Database\\Migrations\\Migrator->Illuminate\\Database\\Migrations\\{closure}()
#12 /home/u142585150/domains/achei.digital/public_html/api/vendor/laravel/framework/src/Illuminate/Database/Migrations/Migrator.php(224): Illuminate\\Database\\Migrations\\Migrator->runMigration()
#13 /home/u142585150/domains/achei.digital/public_html/api/vendor/laravel/framework/src/Illuminate/Console/View/Components/Task.php(37): Illuminate\\Database\\Migrations\\Migrator->Illuminate\\Database\\Migrations\\{closure}()
#14 /home/u142585150/domains/achei.digital/public_html/api/vendor/laravel/framework/src/Illuminate/Database/Migrations/Migrator.php(778): Illuminate\\Console\\View\\Components\\Task->render()
#15 /home/u142585150/domains/achei.digital/public_html/api/vendor/laravel/framework/src/Illuminate/Database/Migrations/Migrator.php(224): Illuminate\\Database\\Migrations\\Migrator->write()
#16 /home/u142585150/domains/achei.digital/public_html/api/vendor/laravel/framework/src/Illuminate/Database/Migrations/Migrator.php(189): Illuminate\\Database\\Migrations\\Migrator->runUp()
#17 /home/u142585150/domains/achei.digital/public_html/api/vendor/laravel/framework/src/Illuminate/Database/Migrations/Migrator.php(132): Illuminate\\Database\\Migrations\\Migrator->runPending()
#18 /home/u142585150/domains/achei.digital/public_html/api/vendor/laravel/framework/src/Illuminate/Database/Console/Migrations/MigrateCommand.php(88): Illuminate\\Database\\Migrations\\Migrator->run()
#19 /home/u142585150/domains/achei.digital/public_html/api/vendor/laravel/framework/src/Illuminate/Database/Migrations/Migrator.php(636): Illuminate\\Database\\Console\\Migrations\\MigrateCommand->Illuminate\\Database\\Console\\Migrations\\{closure}()
#20 /home/u142585150/domains/achei.digital/public_html/api/vendor/laravel/framework/src/Illuminate/Database/Console/Migrations/MigrateCommand.php(81): Illuminate\\Database\\Migrations\\Migrator->usingConnection()
#21 /home/u142585150/domains/achei.digital/public_html/api/vendor/laravel/framework/src/Illuminate/Container/BoundMethod.php(36): Illuminate\\Database\\Console\\Migrations\\MigrateCommand->handle()
#22 /home/u142585150/domains/achei.digital/public_html/api/vendor/laravel/framework/src/Illuminate/Container/Util.php(41): Illuminate\\Container\\BoundMethod::Illuminate\\Container\\{closure}()
#23 /home/u142585150/domains/achei.digital/public_html/api/vendor/laravel/framework/src/Illuminate/Container/BoundMethod.php(93): Illuminate\\Container\\Util::unwrapIfClosure()
#24 /home/u142585150/domains/achei.digital/public_html/api/vendor/laravel/framework/src/Illuminate/Container/BoundMethod.php(35): Illuminate\\Container\\BoundMethod::callBoundMethod()
#25 /home/u142585150/domains/achei.digital/public_html/api/vendor/laravel/framework/src/Illuminate/Container/Container.php(661): Illuminate\\Container\\BoundMethod::call()
#26 /home/u142585150/domains/achei.digital/public_html/api/vendor/laravel/framework/src/Illuminate/Console/Command.php(183): Illuminate\\Container\\Container->call()
#27 /home/u142585150/domains/achei.digital/public_html/api/vendor/symfony/console/Command/Command.php(291): Illuminate\\Console\\Command->execute()
#28 /home/u142585150/domains/achei.digital/public_html/api/vendor/laravel/framework/src/Illuminate/Console/Command.php(152): Symfony\\Component\\Console\\Command\\Command->run()
#29 /home/u142585150/domains/achei.digital/public_html/api/vendor/symfony/console/Application.php(1014): Illuminate\\Console\\Command->run()
#30 /home/u142585150/domains/achei.digital/public_html/api/vendor/symfony/console/Application.php(301): Symfony\\Component\\Console\\Application->doRunCommand()
#31 /home/u142585150/domains/achei.digital/public_html/api/vendor/symfony/console/Application.php(171): Symfony\\Component\\Console\\Application->doRun()
#32 /home/u142585150/domains/achei.digital/public_html/api/vendor/laravel/framework/src/Illuminate/Console/Application.php(102): Symfony\\Component\\Console\\Application->run()
#33 /home/u142585150/domains/achei.digital/public_html/api/vendor/laravel/framework/src/Illuminate/Foundation/Console/Kernel.php(155): Illuminate\\Console\\Application->run()
#34 /home/u142585150/domains/achei.digital/public_html/api/artisan(35): Illuminate\\Foundation\\Console\\Kernel->handle()
#35 {main}
"} 
[2025-02-24 11:26:26] production.ERROR: SQLSTATE[42S01]: Base table or view already exists: 1050 Table 'contatos' already exists (SQL: create table `contatos` (`id_contato` bigint unsigned not null auto_increment primary key, `tp_contato` varchar(20) not null, `ds_contato` varchar(100) not null, `dataAlteracao` timestamp default CURRENT_TIMESTAMP not null, `id_usuario` bigint unsigned not null) default character set utf8 collate 'utf8_unicode_ci') {"exception":"[object] (Illuminate\\Database\\QueryException(code: 42S01): SQLSTATE[42S01]: Base table or view already exists: 1050 Table 'contatos' already exists (SQL: create table `contatos` (`id_contato` bigint unsigned not null auto_increment primary key, `tp_contato` varchar(20) not null, `ds_contato` varchar(100) not null, `dataAlteracao` timestamp default CURRENT_TIMESTAMP not null, `id_usuario` bigint unsigned not null) default character set utf8 collate 'utf8_unicode_ci') at /home/u142585150/domains/achei.digital/public_html/api/vendor/laravel/framework/src/Illuminate/Database/Connection.php:760)
[stacktrace]
#0 /home/u142585150/domains/achei.digital/public_html/api/vendor/laravel/framework/src/Illuminate/Database/Connection.php(720): Illuminate\\Database\\Connection->runQueryCallback()
#1 /home/u142585150/domains/achei.digital/public_html/api/vendor/laravel/framework/src/Illuminate/Database/Connection.php(534): Illuminate\\Database\\Connection->run()
#2 /home/u142585150/domains/achei.digital/public_html/api/vendor/laravel/framework/src/Illuminate/Database/Schema/Blueprint.php(109): Illuminate\\Database\\Connection->statement()
#3 /home/u142585150/domains/achei.digital/public_html/api/vendor/laravel/framework/src/Illuminate/Database/Schema/Builder.php(439): Illuminate\\Database\\Schema\\Blueprint->build()
#4 /home/u142585150/domains/achei.digital/public_html/api/vendor/laravel/framework/src/Illuminate/Database/Schema/Builder.php(281): Illuminate\\Database\\Schema\\Builder->build()
#5 /home/u142585150/domains/achei.digital/public_html/api/vendor/laravel/framework/src/Illuminate/Support/Facades/Facade.php(338): Illuminate\\Database\\Schema\\Builder->create()
#6 /home/u142585150/domains/achei.digital/public_html/api/database/migrations/2025_02_18_141457_create_contatos_table.php(16): Illuminate\\Support\\Facades\\Facade::__callStatic()
#7 /home/u142585150/domains/achei.digital/public_html/api/vendor/laravel/framework/src/Illuminate/Database/Migrations/Migrator.php(496): Illuminate\\Database\\Migrations\\Migration@anonymous->up()
#8 /home/u142585150/domains/achei.digital/public_html/api/vendor/laravel/framework/src/Illuminate/Database/Migrations/Migrator.php(414): Illuminate\\Database\\Migrations\\Migrator->runMethod()
#9 /home/u142585150/domains/achei.digital/public_html/api/vendor/laravel/framework/src/Illuminate/Database/Migrations/Migrator.php(423): Illuminate\\Database\\Migrations\\Migrator->Illuminate\\Database\\Migrations\\{closure}()
#10 /home/u142585150/domains/achei.digital/public_html/api/vendor/laravel/framework/src/Illuminate/Database/Migrations/Migrator.php(224): Illuminate\\Database\\Migrations\\Migrator->runMigration()
#11 /home/u142585150/domains/achei.digital/public_html/api/vendor/laravel/framework/src/Illuminate/Console/View/Components/Task.php(37): Illuminate\\Database\\Migrations\\Migrator->Illuminate\\Database\\Migrations\\{closure}()
#12 /home/u142585150/domains/achei.digital/public_html/api/vendor/laravel/framework/src/Illuminate/Database/Migrations/Migrator.php(778): Illuminate\\Console\\View\\Components\\Task->render()
#13 /home/u142585150/domains/achei.digital/public_html/api/vendor/laravel/framework/src/Illuminate/Database/Migrations/Migrator.php(224): Illuminate\\Database\\Migrations\\Migrator->write()
#14 /home/u142585150/domains/achei.digital/public_html/api/vendor/laravel/framework/src/Illuminate/Database/Migrations/Migrator.php(189): Illuminate\\Database\\Migrations\\Migrator->runUp()
#15 /home/u142585150/domains/achei.digital/public_html/api/vendor/laravel/framework/src/Illuminate/Database/Migrations/Migrator.php(132): Illuminate\\Database\\Migrations\\Migrator->runPending()
#16 /home/u142585150/domains/achei.digital/public_html/api/vendor/laravel/framework/src/Illuminate/Database/Console/Migrations/MigrateCommand.php(88): Illuminate\\Database\\Migrations\\Migrator->run()
#17 /home/u142585150/domains/achei.digital/public_html/api/vendor/laravel/framework/src/Illuminate/Database/Migrations/Migrator.php(636): Illuminate\\Database\\Console\\Migrations\\MigrateCommand->Illuminate\\Database\\Console\\Migrations\\{closure}()
#18 /home/u142585150/domains/achei.digital/public_html/api/vendor/laravel/framework/src/Illuminate/Database/Console/Migrations/MigrateCommand.php(81): Illuminate\\Database\\Migrations\\Migrator->usingConnection()
#19 /home/u142585150/domains/achei.digital/public_html/api/vendor/laravel/framework/src/Illuminate/Container/BoundMethod.php(36): Illuminate\\Database\\Console\\Migrations\\MigrateCommand->handle()
#20 /home/u142585150/domains/achei.digital/public_html/api/vendor/laravel/framework/src/Illuminate/Container/Util.php(41): Illuminate\\Container\\BoundMethod::Illuminate\\Container\\{closure}()
#21 /home/u142585150/domains/achei.digital/public_html/api/vendor/laravel/framework/src/Illuminate/Container/BoundMethod.php(93): Illuminate\\Container\\Util::unwrapIfClosure()
#22 /home/u142585150/domains/achei.digital/public_html/api/vendor/laravel/framework/src/Illuminate/Container/BoundMethod.php(35): Illuminate\\Container\\BoundMethod::callBoundMethod()
#23 /home/u142585150/domains/achei.digital/public_html/api/vendor/laravel/framework/src/Illuminate/Container/Container.php(661): Illuminate\\Container\\BoundMethod::call()
#24 /home/u142585150/domains/achei.digital/public_html/api/vendor/laravel/framework/src/Illuminate/Console/Command.php(183): Illuminate\\Container\\Container->call()
#25 /home/u142585150/domains/achei.digital/public_html/api/vendor/symfony/console/Command/Command.php(291): Illuminate\\Console\\Command->execute()
#26 /home/u142585150/domains/achei.digital/public_html/api/vendor/laravel/framework/src/Illuminate/Console/Command.php(152): Symfony\\Component\\Console\\Command\\Command->run()
#27 /home/u142585150/domains/achei.digital/public_html/api/vendor/symfony/console/Application.php(1014): Illuminate\\Console\\Command->run()
#28 /home/u142585150/domains/achei.digital/public_html/api/vendor/symfony/console/Application.php(301): Symfony\\Component\\Console\\Application->doRunCommand()
#29 /home/u142585150/domains/achei.digital/public_html/api/vendor/symfony/console/Application.php(171): Symfony\\Component\\Console\\Application->doRun()
#30 /home/u142585150/domains/achei.digital/public_html/api/vendor/laravel/framework/src/Illuminate/Console/Application.php(102): Symfony\\Component\\Console\\Application->run()
#31 /home/u142585150/domains/achei.digital/public_html/api/vendor/laravel/framework/src/Illuminate/Foundation/Console/Kernel.php(155): Illuminate\\Console\\Application->run()
#32 /home/u142585150/domains/achei.digital/public_html/api/artisan(35): Illuminate\\Foundation\\Console\\Kernel->handle()
#33 {main}

[previous exception] [object] (PDOException(code: 42S01): SQLSTATE[42S01]: Base table or view already exists: 1050 Table 'contatos' already exists at /home/u142585150/domains/achei.digital/public_html/api/vendor/laravel/framework/src/Illuminate/Database/Connection.php:545)
[stacktrace]
#0 /home/u142585150/domains/achei.digital/public_html/api/vendor/laravel/framework/src/Illuminate/Database/Connection.php(545): PDOStatement->execute()
#1 /home/u142585150/domains/achei.digital/public_html/api/vendor/laravel/framework/src/Illuminate/Database/Connection.php(753): Illuminate\\Database\\Connection->Illuminate\\Database\\{closure}()
#2 /home/u142585150/domains/achei.digital/public_html/api/vendor/laravel/framework/src/Illuminate/Database/Connection.php(720): Illuminate\\Database\\Connection->runQueryCallback()
#3 /home/u142585150/domains/achei.digital/public_html/api/vendor/laravel/framework/src/Illuminate/Database/Connection.php(534): Illuminate\\Database\\Connection->run()
#4 /home/u142585150/domains/achei.digital/public_html/api/vendor/laravel/framework/src/Illuminate/Database/Schema/Blueprint.php(109): Illuminate\\Database\\Connection->statement()
#5 /home/u142585150/domains/achei.digital/public_html/api/vendor/laravel/framework/src/Illuminate/Database/Schema/Builder.php(439): Illuminate\\Database\\Schema\\Blueprint->build()
#6 /home/u142585150/domains/achei.digital/public_html/api/vendor/laravel/framework/src/Illuminate/Database/Schema/Builder.php(281): Illuminate\\Database\\Schema\\Builder->build()
#7 /home/u142585150/domains/achei.digital/public_html/api/vendor/laravel/framework/src/Illuminate/Support/Facades/Facade.php(338): Illuminate\\Database\\Schema\\Builder->create()
#8 /home/u142585150/domains/achei.digital/public_html/api/database/migrations/2025_02_18_141457_create_contatos_table.php(16): Illuminate\\Support\\Facades\\Facade::__callStatic()
#9 /home/u142585150/domains/achei.digital/public_html/api/vendor/laravel/framework/src/Illuminate/Database/Migrations/Migrator.php(496): Illuminate\\Database\\Migrations\\Migration@anonymous->up()
#10 /home/u142585150/domains/achei.digital/public_html/api/vendor/laravel/framework/src/Illuminate/Database/Migrations/Migrator.php(414): Illuminate\\Database\\Migrations\\Migrator->runMethod()
#11 /home/u142585150/domains/achei.digital/public_html/api/vendor/laravel/framework/src/Illuminate/Database/Migrations/Migrator.php(423): Illuminate\\Database\\Migrations\\Migrator->Illuminate\\Database\\Migrations\\{closure}()
#12 /home/u142585150/domains/achei.digital/public_html/api/vendor/laravel/framework/src/Illuminate/Database/Migrations/Migrator.php(224): Illuminate\\Database\\Migrations\\Migrator->runMigration()
#13 /home/u142585150/domains/achei.digital/public_html/api/vendor/laravel/framework/src/Illuminate/Console/View/Components/Task.php(37): Illuminate\\Database\\Migrations\\Migrator->Illuminate\\Database\\Migrations\\{closure}()
#14 /home/u142585150/domains/achei.digital/public_html/api/vendor/laravel/framework/src/Illuminate/Database/Migrations/Migrator.php(778): Illuminate\\Console\\View\\Components\\Task->render()
#15 /home/u142585150/domains/achei.digital/public_html/api/vendor/laravel/framework/src/Illuminate/Database/Migrations/Migrator.php(224): Illuminate\\Database\\Migrations\\Migrator->write()
#16 /home/u142585150/domains/achei.digital/public_html/api/vendor/laravel/framework/src/Illuminate/Database/Migrations/Migrator.php(189): Illuminate\\Database\\Migrations\\Migrator->runUp()
#17 /home/u142585150/domains/achei.digital/public_html/api/vendor/laravel/framework/src/Illuminate/Database/Migrations/Migrator.php(132): Illuminate\\Database\\Migrations\\Migrator->runPending()
#18 /home/u142585150/domains/achei.digital/public_html/api/vendor/laravel/framework/src/Illuminate/Database/Console/Migrations/MigrateCommand.php(88): Illuminate\\Database\\Migrations\\Migrator->run()
#19 /home/u142585150/domains/achei.digital/public_html/api/vendor/laravel/framework/src/Illuminate/Database/Migrations/Migrator.php(636): Illuminate\\Database\\Console\\Migrations\\MigrateCommand->Illuminate\\Database\\Console\\Migrations\\{closure}()
#20 /home/u142585150/domains/achei.digital/public_html/api/vendor/laravel/framework/src/Illuminate/Database/Console/Migrations/MigrateCommand.php(81): Illuminate\\Database\\Migrations\\Migrator->usingConnection()
#21 /home/u142585150/domains/achei.digital/public_html/api/vendor/laravel/framework/src/Illuminate/Container/BoundMethod.php(36): Illuminate\\Database\\Console\\Migrations\\MigrateCommand->handle()
#22 /home/u142585150/domains/achei.digital/public_html/api/vendor/laravel/framework/src/Illuminate/Container/Util.php(41): Illuminate\\Container\\BoundMethod::Illuminate\\Container\\{closure}()
#23 /home/u142585150/domains/achei.digital/public_html/api/vendor/laravel/framework/src/Illuminate/Container/BoundMethod.php(93): Illuminate\\Container\\Util::unwrapIfClosure()
#24 /home/u142585150/domains/achei.digital/public_html/api/vendor/laravel/framework/src/Illuminate/Container/BoundMethod.php(35): Illuminate\\Container\\BoundMethod::callBoundMethod()
#25 /home/u142585150/domains/achei.digital/public_html/api/vendor/laravel/framework/src/Illuminate/Container/Container.php(661): Illuminate\\Container\\BoundMethod::call()
#26 /home/u142585150/domains/achei.digital/public_html/api/vendor/laravel/framework/src/Illuminate/Console/Command.php(183): Illuminate\\Container\\Container->call()
#27 /home/u142585150/domains/achei.digital/public_html/api/vendor/symfony/console/Command/Command.php(291): Illuminate\\Console\\Command->execute()
#28 /home/u142585150/domains/achei.digital/public_html/api/vendor/laravel/framework/src/Illuminate/Console/Command.php(152): Symfony\\Component\\Console\\Command\\Command->run()
#29 /home/u142585150/domains/achei.digital/public_html/api/vendor/symfony/console/Application.php(1014): Illuminate\\Console\\Command->run()
#30 /home/u142585150/domains/achei.digital/public_html/api/vendor/symfony/console/Application.php(301): Symfony\\Component\\Console\\Application->doRunCommand()
#31 /home/u142585150/domains/achei.digital/public_html/api/vendor/symfony/console/Application.php(171): Symfony\\Component\\Console\\Application->doRun()
#32 /home/u142585150/domains/achei.digital/public_html/api/vendor/laravel/framework/src/Illuminate/Console/Application.php(102): Symfony\\Component\\Console\\Application->run()
#33 /home/u142585150/domains/achei.digital/public_html/api/vendor/laravel/framework/src/Illuminate/Foundation/Console/Kernel.php(155): Illuminate\\Console\\Application->run()
#34 /home/u142585150/domains/achei.digital/public_html/api/artisan(35): Illuminate\\Foundation\\Console\\Kernel->handle()
#35 {main}
"} 
[2025-02-24 11:26:36] production.ERROR: SQLSTATE[42S01]: Base table or view already exists: 1050 Table 'contatos' already exists (SQL: create table `contatos` (`id_contato` bigint unsigned not null auto_increment primary key, `tp_contato` varchar(20) not null, `ds_contato` varchar(100) not null, `dataAlteracao` timestamp default CURRENT_TIMESTAMP not null, `id_usuario` bigint unsigned not null) default character set utf8 collate 'utf8_unicode_ci') {"exception":"[object] (Illuminate\\Database\\QueryException(code: 42S01): SQLSTATE[42S01]: Base table or view already exists: 1050 Table 'contatos' already exists (SQL: create table `contatos` (`id_contato` bigint unsigned not null auto_increment primary key, `tp_contato` varchar(20) not null, `ds_contato` varchar(100) not null, `dataAlteracao` timestamp default CURRENT_TIMESTAMP not null, `id_usuario` bigint unsigned not null) default character set utf8 collate 'utf8_unicode_ci') at /home/u142585150/domains/achei.digital/public_html/api/vendor/laravel/framework/src/Illuminate/Database/Connection.php:760)
[stacktrace]
#0 /home/u142585150/domains/achei.digital/public_html/api/vendor/laravel/framework/src/Illuminate/Database/Connection.php(720): Illuminate\\Database\\Connection->runQueryCallback()
#1 /home/u142585150/domains/achei.digital/public_html/api/vendor/laravel/framework/src/Illuminate/Database/Connection.php(534): Illuminate\\Database\\Connection->run()
#2 /home/u142585150/domains/achei.digital/public_html/api/vendor/laravel/framework/src/Illuminate/Database/Schema/Blueprint.php(109): Illuminate\\Database\\Connection->statement()
#3 /home/u142585150/domains/achei.digital/public_html/api/vendor/laravel/framework/src/Illuminate/Database/Schema/Builder.php(439): Illuminate\\Database\\Schema\\Blueprint->build()
#4 /home/u142585150/domains/achei.digital/public_html/api/vendor/laravel/framework/src/Illuminate/Database/Schema/Builder.php(281): Illuminate\\Database\\Schema\\Builder->build()
#5 /home/u142585150/domains/achei.digital/public_html/api/vendor/laravel/framework/src/Illuminate/Support/Facades/Facade.php(338): Illuminate\\Database\\Schema\\Builder->create()
#6 /home/u142585150/domains/achei.digital/public_html/api/database/migrations/2025_02_18_141457_create_contatos_table.php(16): Illuminate\\Support\\Facades\\Facade::__callStatic()
#7 /home/u142585150/domains/achei.digital/public_html/api/vendor/laravel/framework/src/Illuminate/Database/Migrations/Migrator.php(496): Illuminate\\Database\\Migrations\\Migration@anonymous->up()
#8 /home/u142585150/domains/achei.digital/public_html/api/vendor/laravel/framework/src/Illuminate/Database/Migrations/Migrator.php(414): Illuminate\\Database\\Migrations\\Migrator->runMethod()
#9 /home/u142585150/domains/achei.digital/public_html/api/vendor/laravel/framework/src/Illuminate/Database/Migrations/Migrator.php(423): Illuminate\\Database\\Migrations\\Migrator->Illuminate\\Database\\Migrations\\{closure}()
#10 /home/u142585150/domains/achei.digital/public_html/api/vendor/laravel/framework/src/Illuminate/Database/Migrations/Migrator.php(224): Illuminate\\Database\\Migrations\\Migrator->runMigration()
#11 /home/u142585150/domains/achei.digital/public_html/api/vendor/laravel/framework/src/Illuminate/Console/View/Components/Task.php(37): Illuminate\\Database\\Migrations\\Migrator->Illuminate\\Database\\Migrations\\{closure}()
#12 /home/u142585150/domains/achei.digital/public_html/api/vendor/laravel/framework/src/Illuminate/Database/Migrations/Migrator.php(778): Illuminate\\Console\\View\\Components\\Task->render()
#13 /home/u142585150/domains/achei.digital/public_html/api/vendor/laravel/framework/src/Illuminate/Database/Migrations/Migrator.php(224): Illuminate\\Database\\Migrations\\Migrator->write()
#14 /home/u142585150/domains/achei.digital/public_html/api/vendor/laravel/framework/src/Illuminate/Database/Migrations/Migrator.php(189): Illuminate\\Database\\Migrations\\Migrator->runUp()
#15 /home/u142585150/domains/achei.digital/public_html/api/vendor/laravel/framework/src/Illuminate/Database/Migrations/Migrator.php(132): Illuminate\\Database\\Migrations\\Migrator->runPending()
#16 /home/u142585150/domains/achei.digital/public_html/api/vendor/laravel/framework/src/Illuminate/Database/Console/Migrations/MigrateCommand.php(88): Illuminate\\Database\\Migrations\\Migrator->run()
#17 /home/u142585150/domains/achei.digital/public_html/api/vendor/laravel/framework/src/Illuminate/Database/Migrations/Migrator.php(636): Illuminate\\Database\\Console\\Migrations\\MigrateCommand->Illuminate\\Database\\Console\\Migrations\\{closure}()
#18 /home/u142585150/domains/achei.digital/public_html/api/vendor/laravel/framework/src/Illuminate/Database/Console/Migrations/MigrateCommand.php(81): Illuminate\\Database\\Migrations\\Migrator->usingConnection()
#19 /home/u142585150/domains/achei.digital/public_html/api/vendor/laravel/framework/src/Illuminate/Container/BoundMethod.php(36): Illuminate\\Database\\Console\\Migrations\\MigrateCommand->handle()
#20 /home/u142585150/domains/achei.digital/public_html/api/vendor/laravel/framework/src/Illuminate/Container/Util.php(41): Illuminate\\Container\\BoundMethod::Illuminate\\Container\\{closure}()
#21 /home/u142585150/domains/achei.digital/public_html/api/vendor/laravel/framework/src/Illuminate/Container/BoundMethod.php(93): Illuminate\\Container\\Util::unwrapIfClosure()
#22 /home/u142585150/domains/achei.digital/public_html/api/vendor/laravel/framework/src/Illuminate/Container/BoundMethod.php(35): Illuminate\\Container\\BoundMethod::callBoundMethod()
#23 /home/u142585150/domains/achei.digital/public_html/api/vendor/laravel/framework/src/Illuminate/Container/Container.php(661): Illuminate\\Container\\BoundMethod::call()
#24 /home/u142585150/domains/achei.digital/public_html/api/vendor/laravel/framework/src/Illuminate/Console/Command.php(183): Illuminate\\Container\\Container->call()
#25 /home/u142585150/domains/achei.digital/public_html/api/vendor/symfony/console/Command/Command.php(291): Illuminate\\Console\\Command->execute()
#26 /home/u142585150/domains/achei.digital/public_html/api/vendor/laravel/framework/src/Illuminate/Console/Command.php(152): Symfony\\Component\\Console\\Command\\Command->run()
#27 /home/u142585150/domains/achei.digital/public_html/api/vendor/laravel/framework/src/Illuminate/Console/Concerns/CallsCommands.php(67): Illuminate\\Console\\Command->run()
#28 /home/u142585150/domains/achei.digital/public_html/api/vendor/laravel/framework/src/Illuminate/Console/Concerns/CallsCommands.php(28): Illuminate\\Console\\Command->runCommand()
#29 /home/u142585150/domains/achei.digital/public_html/api/vendor/laravel/framework/src/Illuminate/Database/Console/Migrations/RefreshCommand.php(61): Illuminate\\Console\\Command->call()
#30 /home/u142585150/domains/achei.digital/public_html/api/vendor/laravel/framework/src/Illuminate/Container/BoundMethod.php(36): Illuminate\\Database\\Console\\Migrations\\RefreshCommand->handle()
#31 /home/u142585150/domains/achei.digital/public_html/api/vendor/laravel/framework/src/Illuminate/Container/Util.php(41): Illuminate\\Container\\BoundMethod::Illuminate\\Container\\{closure}()
#32 /home/u142585150/domains/achei.digital/public_html/api/vendor/laravel/framework/src/Illuminate/Container/BoundMethod.php(93): Illuminate\\Container\\Util::unwrapIfClosure()
#33 /home/u142585150/domains/achei.digital/public_html/api/vendor/laravel/framework/src/Illuminate/Container/BoundMethod.php(35): Illuminate\\Container\\BoundMethod::callBoundMethod()
#34 /home/u142585150/domains/achei.digital/public_html/api/vendor/laravel/framework/src/Illuminate/Container/Container.php(661): Illuminate\\Container\\BoundMethod::call()
#35 /home/u142585150/domains/achei.digital/public_html/api/vendor/laravel/framework/src/Illuminate/Console/Command.php(183): Illuminate\\Container\\Container->call()
#36 /home/u142585150/domains/achei.digital/public_html/api/vendor/symfony/console/Command/Command.php(291): Illuminate\\Console\\Command->execute()
#37 /home/u142585150/domains/achei.digital/public_html/api/vendor/laravel/framework/src/Illuminate/Console/Command.php(152): Symfony\\Component\\Console\\Command\\Command->run()
#38 /home/u142585150/domains/achei.digital/public_html/api/vendor/symfony/console/Application.php(1014): Illuminate\\Console\\Command->run()
#39 /home/u142585150/domains/achei.digital/public_html/api/vendor/symfony/console/Application.php(301): Symfony\\Component\\Console\\Application->doRunCommand()
#40 /home/u142585150/domains/achei.digital/public_html/api/vendor/symfony/console/Application.php(171): Symfony\\Component\\Console\\Application->doRun()
#41 /home/u142585150/domains/achei.digital/public_html/api/vendor/laravel/framework/src/Illuminate/Console/Application.php(102): Symfony\\Component\\Console\\Application->run()
#42 /home/u142585150/domains/achei.digital/public_html/api/vendor/laravel/framework/src/Illuminate/Foundation/Console/Kernel.php(155): Illuminate\\Console\\Application->run()
#43 /home/u142585150/domains/achei.digital/public_html/api/artisan(35): Illuminate\\Foundation\\Console\\Kernel->handle()
#44 {main}

[previous exception] [object] (PDOException(code: 42S01): SQLSTATE[42S01]: Base table or view already exists: 1050 Table 'contatos' already exists at /home/u142585150/domains/achei.digital/public_html/api/vendor/laravel/framework/src/Illuminate/Database/Connection.php:545)
[stacktrace]
#0 /home/u142585150/domains/achei.digital/public_html/api/vendor/laravel/framework/src/Illuminate/Database/Connection.php(545): PDOStatement->execute()
#1 /home/u142585150/domains/achei.digital/public_html/api/vendor/laravel/framework/src/Illuminate/Database/Connection.php(753): Illuminate\\Database\\Connection->Illuminate\\Database\\{closure}()
#2 /home/u142585150/domains/achei.digital/public_html/api/vendor/laravel/framework/src/Illuminate/Database/Connection.php(720): Illuminate\\Database\\Connection->runQueryCallback()
#3 /home/u142585150/domains/achei.digital/public_html/api/vendor/laravel/framework/src/Illuminate/Database/Connection.php(534): Illuminate\\Database\\Connection->run()
#4 /home/u142585150/domains/achei.digital/public_html/api/vendor/laravel/framework/src/Illuminate/Database/Schema/Blueprint.php(109): Illuminate\\Database\\Connection->statement()
#5 /home/u142585150/domains/achei.digital/public_html/api/vendor/laravel/framework/src/Illuminate/Database/Schema/Builder.php(439): Illuminate\\Database\\Schema\\Blueprint->build()
#6 /home/u142585150/domains/achei.digital/public_html/api/vendor/laravel/framework/src/Illuminate/Database/Schema/Builder.php(281): Illuminate\\Database\\Schema\\Builder->build()
#7 /home/u142585150/domains/achei.digital/public_html/api/vendor/laravel/framework/src/Illuminate/Support/Facades/Facade.php(338): Illuminate\\Database\\Schema\\Builder->create()
#8 /home/u142585150/domains/achei.digital/public_html/api/database/migrations/2025_02_18_141457_create_contatos_table.php(16): Illuminate\\Support\\Facades\\Facade::__callStatic()
#9 /home/u142585150/domains/achei.digital/public_html/api/vendor/laravel/framework/src/Illuminate/Database/Migrations/Migrator.php(496): Illuminate\\Database\\Migrations\\Migration@anonymous->up()
#10 /home/u142585150/domains/achei.digital/public_html/api/vendor/laravel/framework/src/Illuminate/Database/Migrations/Migrator.php(414): Illuminate\\Database\\Migrations\\Migrator->runMethod()
#11 /home/u142585150/domains/achei.digital/public_html/api/vendor/laravel/framework/src/Illuminate/Database/Migrations/Migrator.php(423): Illuminate\\Database\\Migrations\\Migrator->Illuminate\\Database\\Migrations\\{closure}()
#12 /home/u142585150/domains/achei.digital/public_html/api/vendor/laravel/framework/src/Illuminate/Database/Migrations/Migrator.php(224): Illuminate\\Database\\Migrations\\Migrator->runMigration()
#13 /home/u142585150/domains/achei.digital/public_html/api/vendor/laravel/framework/src/Illuminate/Console/View/Components/Task.php(37): Illuminate\\Database\\Migrations\\Migrator->Illuminate\\Database\\Migrations\\{closure}()
#14 /home/u142585150/domains/achei.digital/public_html/api/vendor/laravel/framework/src/Illuminate/Database/Migrations/Migrator.php(778): Illuminate\\Console\\View\\Components\\Task->render()
#15 /home/u142585150/domains/achei.digital/public_html/api/vendor/laravel/framework/src/Illuminate/Database/Migrations/Migrator.php(224): Illuminate\\Database\\Migrations\\Migrator->write()
#16 /home/u142585150/domains/achei.digital/public_html/api/vendor/laravel/framework/src/Illuminate/Database/Migrations/Migrator.php(189): Illuminate\\Database\\Migrations\\Migrator->runUp()
#17 /home/u142585150/domains/achei.digital/public_html/api/vendor/laravel/framework/src/Illuminate/Database/Migrations/Migrator.php(132): Illuminate\\Database\\Migrations\\Migrator->runPending()
#18 /home/u142585150/domains/achei.digital/public_html/api/vendor/laravel/framework/src/Illuminate/Database/Console/Migrations/MigrateCommand.php(88): Illuminate\\Database\\Migrations\\Migrator->run()
#19 /home/u142585150/domains/achei.digital/public_html/api/vendor/laravel/framework/src/Illuminate/Database/Migrations/Migrator.php(636): Illuminate\\Database\\Console\\Migrations\\MigrateCommand->Illuminate\\Database\\Console\\Migrations\\{closure}()
#20 /home/u142585150/domains/achei.digital/public_html/api/vendor/laravel/framework/src/Illuminate/Database/Console/Migrations/MigrateCommand.php(81): Illuminate\\Database\\Migrations\\Migrator->usingConnection()
#21 /home/u142585150/domains/achei.digital/public_html/api/vendor/laravel/framework/src/Illuminate/Container/BoundMethod.php(36): Illuminate\\Database\\Console\\Migrations\\MigrateCommand->handle()
#22 /home/u142585150/domains/achei.digital/public_html/api/vendor/laravel/framework/src/Illuminate/Container/Util.php(41): Illuminate\\Container\\BoundMethod::Illuminate\\Container\\{closure}()
#23 /home/u142585150/domains/achei.digital/public_html/api/vendor/laravel/framework/src/Illuminate/Container/BoundMethod.php(93): Illuminate\\Container\\Util::unwrapIfClosure()
#24 /home/u142585150/domains/achei.digital/public_html/api/vendor/laravel/framework/src/Illuminate/Container/BoundMethod.php(35): Illuminate\\Container\\BoundMethod::callBoundMethod()
#25 /home/u142585150/domains/achei.digital/public_html/api/vendor/laravel/framework/src/Illuminate/Container/Container.php(661): Illuminate\\Container\\BoundMethod::call()
#26 /home/u142585150/domains/achei.digital/public_html/api/vendor/laravel/framework/src/Illuminate/Console/Command.php(183): Illuminate\\Container\\Container->call()
#27 /home/u142585150/domains/achei.digital/public_html/api/vendor/symfony/console/Command/Command.php(291): Illuminate\\Console\\Command->execute()
#28 /home/u142585150/domains/achei.digital/public_html/api/vendor/laravel/framework/src/Illuminate/Console/Command.php(152): Symfony\\Component\\Console\\Command\\Command->run()
#29 /home/u142585150/domains/achei.digital/public_html/api/vendor/laravel/framework/src/Illuminate/Console/Concerns/CallsCommands.php(67): Illuminate\\Console\\Command->run()
#30 /home/u142585150/domains/achei.digital/public_html/api/vendor/laravel/framework/src/Illuminate/Console/Concerns/CallsCommands.php(28): Illuminate\\Console\\Command->runCommand()
#31 /home/u142585150/domains/achei.digital/public_html/api/vendor/laravel/framework/src/Illuminate/Database/Console/Migrations/RefreshCommand.php(61): Illuminate\\Console\\Command->call()
#32 /home/u142585150/domains/achei.digital/public_html/api/vendor/laravel/framework/src/Illuminate/Container/BoundMethod.php(36): Illuminate\\Database\\Console\\Migrations\\RefreshCommand->handle()
#33 /home/u142585150/domains/achei.digital/public_html/api/vendor/laravel/framework/src/Illuminate/Container/Util.php(41): Illuminate\\Container\\BoundMethod::Illuminate\\Container\\{closure}()
#34 /home/u142585150/domains/achei.digital/public_html/api/vendor/laravel/framework/src/Illuminate/Container/BoundMethod.php(93): Illuminate\\Container\\Util::unwrapIfClosure()
#35 /home/u142585150/domains/achei.digital/public_html/api/vendor/laravel/framework/src/Illuminate/Container/BoundMethod.php(35): Illuminate\\Container\\BoundMethod::callBoundMethod()
#36 /home/u142585150/domains/achei.digital/public_html/api/vendor/laravel/framework/src/Illuminate/Container/Container.php(661): Illuminate\\Container\\BoundMethod::call()
#37 /home/u142585150/domains/achei.digital/public_html/api/vendor/laravel/framework/src/Illuminate/Console/Command.php(183): Illuminate\\Container\\Container->call()
#38 /home/u142585150/domains/achei.digital/public_html/api/vendor/symfony/console/Command/Command.php(291): Illuminate\\Console\\Command->execute()
#39 /home/u142585150/domains/achei.digital/public_html/api/vendor/laravel/framework/src/Illuminate/Console/Command.php(152): Symfony\\Component\\Console\\Command\\Command->run()
#40 /home/u142585150/domains/achei.digital/public_html/api/vendor/symfony/console/Application.php(1014): Illuminate\\Console\\Command->run()
#41 /home/u142585150/domains/achei.digital/public_html/api/vendor/symfony/console/Application.php(301): Symfony\\Component\\Console\\Application->doRunCommand()
#42 /home/u142585150/domains/achei.digital/public_html/api/vendor/symfony/console/Application.php(171): Symfony\\Component\\Console\\Application->doRun()
#43 /home/u142585150/domains/achei.digital/public_html/api/vendor/laravel/framework/src/Illuminate/Console/Application.php(102): Symfony\\Component\\Console\\Application->run()
#44 /home/u142585150/domains/achei.digital/public_html/api/vendor/laravel/framework/src/Illuminate/Foundation/Console/Kernel.php(155): Illuminate\\Console\\Application->run()
#45 /home/u142585150/domains/achei.digital/public_html/api/artisan(35): Illuminate\\Foundation\\Console\\Kernel->handle()
#46 {main}
"} 
[2025-02-24 11:27:52] production.ERROR: SQLSTATE[HY000]: General error: 1005 Can't create table `u142585150_achei_digital`.`contatos` (errno: 150 "Foreign key constraint is incorrectly formed") (SQL: alter table `contatos` add constraint `contatos_id_usuario_foreign` foreign key (`id_usuario`) references `usuarios` (`id`) on delete cascade) {"exception":"[object] (Illuminate\\Database\\QueryException(code: HY000): SQLSTATE[HY000]: General error: 1005 Can't create table `u142585150_achei_digital`.`contatos` (errno: 150 \"Foreign key constraint is incorrectly formed\") (SQL: alter table `contatos` add constraint `contatos_id_usuario_foreign` foreign key (`id_usuario`) references `usuarios` (`id`) on delete cascade) at /home/u142585150/domains/achei.digital/public_html/api/vendor/laravel/framework/src/Illuminate/Database/Connection.php:760)
[stacktrace]
#0 /home/u142585150/domains/achei.digital/public_html/api/vendor/laravel/framework/src/Illuminate/Database/Connection.php(720): Illuminate\\Database\\Connection->runQueryCallback()
#1 /home/u142585150/domains/achei.digital/public_html/api/vendor/laravel/framework/src/Illuminate/Database/Connection.php(534): Illuminate\\Database\\Connection->run()
#2 /home/u142585150/domains/achei.digital/public_html/api/vendor/laravel/framework/src/Illuminate/Database/Schema/Blueprint.php(109): Illuminate\\Database\\Connection->statement()
#3 /home/u142585150/domains/achei.digital/public_html/api/vendor/laravel/framework/src/Illuminate/Database/Schema/Builder.php(439): Illuminate\\Database\\Schema\\Blueprint->build()
#4 /home/u142585150/domains/achei.digital/public_html/api/vendor/laravel/framework/src/Illuminate/Database/Schema/Builder.php(281): Illuminate\\Database\\Schema\\Builder->build()
#5 /home/u142585150/domains/achei.digital/public_html/api/vendor/laravel/framework/src/Illuminate/Support/Facades/Facade.php(338): Illuminate\\Database\\Schema\\Builder->create()
#6 /home/u142585150/domains/achei.digital/public_html/api/database/migrations/2025_02_18_141457_create_contatos_table.php(16): Illuminate\\Support\\Facades\\Facade::__callStatic()
#7 /home/u142585150/domains/achei.digital/public_html/api/vendor/laravel/framework/src/Illuminate/Database/Migrations/Migrator.php(496): Illuminate\\Database\\Migrations\\Migration@anonymous->up()
#8 /home/u142585150/domains/achei.digital/public_html/api/vendor/laravel/framework/src/Illuminate/Database/Migrations/Migrator.php(414): Illuminate\\Database\\Migrations\\Migrator->runMethod()
#9 /home/u142585150/domains/achei.digital/public_html/api/vendor/laravel/framework/src/Illuminate/Database/Migrations/Migrator.php(423): Illuminate\\Database\\Migrations\\Migrator->Illuminate\\Database\\Migrations\\{closure}()
#10 /home/u142585150/domains/achei.digital/public_html/api/vendor/laravel/framework/src/Illuminate/Database/Migrations/Migrator.php(224): Illuminate\\Database\\Migrations\\Migrator->runMigration()
#11 /home/u142585150/domains/achei.digital/public_html/api/vendor/laravel/framework/src/Illuminate/Console/View/Components/Task.php(37): Illuminate\\Database\\Migrations\\Migrator->Illuminate\\Database\\Migrations\\{closure}()
#12 /home/u142585150/domains/achei.digital/public_html/api/vendor/laravel/framework/src/Illuminate/Database/Migrations/Migrator.php(778): Illuminate\\Console\\View\\Components\\Task->render()
#13 /home/u142585150/domains/achei.digital/public_html/api/vendor/laravel/framework/src/Illuminate/Database/Migrations/Migrator.php(224): Illuminate\\Database\\Migrations\\Migrator->write()
#14 /home/u142585150/domains/achei.digital/public_html/api/vendor/laravel/framework/src/Illuminate/Database/Migrations/Migrator.php(189): Illuminate\\Database\\Migrations\\Migrator->runUp()
#15 /home/u142585150/domains/achei.digital/public_html/api/vendor/laravel/framework/src/Illuminate/Database/Migrations/Migrator.php(132): Illuminate\\Database\\Migrations\\Migrator->runPending()
#16 /home/u142585150/domains/achei.digital/public_html/api/vendor/laravel/framework/src/Illuminate/Database/Console/Migrations/MigrateCommand.php(88): Illuminate\\Database\\Migrations\\Migrator->run()
#17 /home/u142585150/domains/achei.digital/public_html/api/vendor/laravel/framework/src/Illuminate/Database/Migrations/Migrator.php(636): Illuminate\\Database\\Console\\Migrations\\MigrateCommand->Illuminate\\Database\\Console\\Migrations\\{closure}()
#18 /home/u142585150/domains/achei.digital/public_html/api/vendor/laravel/framework/src/Illuminate/Database/Console/Migrations/MigrateCommand.php(81): Illuminate\\Database\\Migrations\\Migrator->usingConnection()
#19 /home/u142585150/domains/achei.digital/public_html/api/vendor/laravel/framework/src/Illuminate/Container/BoundMethod.php(36): Illuminate\\Database\\Console\\Migrations\\MigrateCommand->handle()
#20 /home/u142585150/domains/achei.digital/public_html/api/vendor/laravel/framework/src/Illuminate/Container/Util.php(41): Illuminate\\Container\\BoundMethod::Illuminate\\Container\\{closure}()
#21 /home/u142585150/domains/achei.digital/public_html/api/vendor/laravel/framework/src/Illuminate/Container/BoundMethod.php(93): Illuminate\\Container\\Util::unwrapIfClosure()
#22 /home/u142585150/domains/achei.digital/public_html/api/vendor/laravel/framework/src/Illuminate/Container/BoundMethod.php(35): Illuminate\\Container\\BoundMethod::callBoundMethod()
#23 /home/u142585150/domains/achei.digital/public_html/api/vendor/laravel/framework/src/Illuminate/Container/Container.php(661): Illuminate\\Container\\BoundMethod::call()
#24 /home/u142585150/domains/achei.digital/public_html/api/vendor/laravel/framework/src/Illuminate/Console/Command.php(183): Illuminate\\Container\\Container->call()
#25 /home/u142585150/domains/achei.digital/public_html/api/vendor/symfony/console/Command/Command.php(291): Illuminate\\Console\\Command->execute()
#26 /home/u142585150/domains/achei.digital/public_html/api/vendor/laravel/framework/src/Illuminate/Console/Command.php(152): Symfony\\Component\\Console\\Command\\Command->run()
#27 /home/u142585150/domains/achei.digital/public_html/api/vendor/laravel/framework/src/Illuminate/Console/Concerns/CallsCommands.php(67): Illuminate\\Console\\Command->run()
#28 /home/u142585150/domains/achei.digital/public_html/api/vendor/laravel/framework/src/Illuminate/Console/Concerns/CallsCommands.php(28): Illuminate\\Console\\Command->runCommand()
#29 /home/u142585150/domains/achei.digital/public_html/api/vendor/laravel/framework/src/Illuminate/Database/Console/Migrations/RefreshCommand.php(61): Illuminate\\Console\\Command->call()
#30 /home/u142585150/domains/achei.digital/public_html/api/vendor/laravel/framework/src/Illuminate/Container/BoundMethod.php(36): Illuminate\\Database\\Console\\Migrations\\RefreshCommand->handle()
#31 /home/u142585150/domains/achei.digital/public_html/api/vendor/laravel/framework/src/Illuminate/Container/Util.php(41): Illuminate\\Container\\BoundMethod::Illuminate\\Container\\{closure}()
#32 /home/u142585150/domains/achei.digital/public_html/api/vendor/laravel/framework/src/Illuminate/Container/BoundMethod.php(93): Illuminate\\Container\\Util::unwrapIfClosure()
#33 /home/u142585150/domains/achei.digital/public_html/api/vendor/laravel/framework/src/Illuminate/Container/BoundMethod.php(35): Illuminate\\Container\\BoundMethod::callBoundMethod()
#34 /home/u142585150/domains/achei.digital/public_html/api/vendor/laravel/framework/src/Illuminate/Container/Container.php(661): Illuminate\\Container\\BoundMethod::call()
#35 /home/u142585150/domains/achei.digital/public_html/api/vendor/laravel/framework/src/Illuminate/Console/Command.php(183): Illuminate\\Container\\Container->call()
#36 /home/u142585150/domains/achei.digital/public_html/api/vendor/symfony/console/Command/Command.php(291): Illuminate\\Console\\Command->execute()
#37 /home/u142585150/domains/achei.digital/public_html/api/vendor/laravel/framework/src/Illuminate/Console/Command.php(152): Symfony\\Component\\Console\\Command\\Command->run()
#38 /home/u142585150/domains/achei.digital/public_html/api/vendor/symfony/console/Application.php(1014): Illuminate\\Console\\Command->run()
#39 /home/u142585150/domains/achei.digital/public_html/api/vendor/symfony/console/Application.php(301): Symfony\\Component\\Console\\Application->doRunCommand()
#40 /home/u142585150/domains/achei.digital/public_html/api/vendor/symfony/console/Application.php(171): Symfony\\Component\\Console\\Application->doRun()
#41 /home/u142585150/domains/achei.digital/public_html/api/vendor/laravel/framework/src/Illuminate/Console/Application.php(102): Symfony\\Component\\Console\\Application->run()
#42 /home/u142585150/domains/achei.digital/public_html/api/vendor/laravel/framework/src/Illuminate/Foundation/Console/Kernel.php(155): Illuminate\\Console\\Application->run()
#43 /home/u142585150/domains/achei.digital/public_html/api/artisan(35): Illuminate\\Foundation\\Console\\Kernel->handle()
#44 {main}

[previous exception] [object] (PDOException(code: HY000): SQLSTATE[HY000]: General error: 1005 Can't create table `u142585150_achei_digital`.`contatos` (errno: 150 \"Foreign key constraint is incorrectly formed\") at /home/u142585150/domains/achei.digital/public_html/api/vendor/laravel/framework/src/Illuminate/Database/Connection.php:545)
[stacktrace]
#0 /home/u142585150/domains/achei.digital/public_html/api/vendor/laravel/framework/src/Illuminate/Database/Connection.php(545): PDOStatement->execute()
#1 /home/u142585150/domains/achei.digital/public_html/api/vendor/laravel/framework/src/Illuminate/Database/Connection.php(753): Illuminate\\Database\\Connection->Illuminate\\Database\\{closure}()
#2 /home/u142585150/domains/achei.digital/public_html/api/vendor/laravel/framework/src/Illuminate/Database/Connection.php(720): Illuminate\\Database\\Connection->runQueryCallback()
#3 /home/u142585150/domains/achei.digital/public_html/api/vendor/laravel/framework/src/Illuminate/Database/Connection.php(534): Illuminate\\Database\\Connection->run()
#4 /home/u142585150/domains/achei.digital/public_html/api/vendor/laravel/framework/src/Illuminate/Database/Schema/Blueprint.php(109): Illuminate\\Database\\Connection->statement()
#5 /home/u142585150/domains/achei.digital/public_html/api/vendor/laravel/framework/src/Illuminate/Database/Schema/Builder.php(439): Illuminate\\Database\\Schema\\Blueprint->build()
#6 /home/u142585150/domains/achei.digital/public_html/api/vendor/laravel/framework/src/Illuminate/Database/Schema/Builder.php(281): Illuminate\\Database\\Schema\\Builder->build()
#7 /home/u142585150/domains/achei.digital/public_html/api/vendor/laravel/framework/src/Illuminate/Support/Facades/Facade.php(338): Illuminate\\Database\\Schema\\Builder->create()
#8 /home/u142585150/domains/achei.digital/public_html/api/database/migrations/2025_02_18_141457_create_contatos_table.php(16): Illuminate\\Support\\Facades\\Facade::__callStatic()
#9 /home/u142585150/domains/achei.digital/public_html/api/vendor/laravel/framework/src/Illuminate/Database/Migrations/Migrator.php(496): Illuminate\\Database\\Migrations\\Migration@anonymous->up()
#10 /home/u142585150/domains/achei.digital/public_html/api/vendor/laravel/framework/src/Illuminate/Database/Migrations/Migrator.php(414): Illuminate\\Database\\Migrations\\Migrator->runMethod()
#11 /home/u142585150/domains/achei.digital/public_html/api/vendor/laravel/framework/src/Illuminate/Database/Migrations/Migrator.php(423): Illuminate\\Database\\Migrations\\Migrator->Illuminate\\Database\\Migrations\\{closure}()
#12 /home/u142585150/domains/achei.digital/public_html/api/vendor/laravel/framework/src/Illuminate/Database/Migrations/Migrator.php(224): Illuminate\\Database\\Migrations\\Migrator->runMigration()
#13 /home/u142585150/domains/achei.digital/public_html/api/vendor/laravel/framework/src/Illuminate/Console/View/Components/Task.php(37): Illuminate\\Database\\Migrations\\Migrator->Illuminate\\Database\\Migrations\\{closure}()
#14 /home/u142585150/domains/achei.digital/public_html/api/vendor/laravel/framework/src/Illuminate/Database/Migrations/Migrator.php(778): Illuminate\\Console\\View\\Components\\Task->render()
#15 /home/u142585150/domains/achei.digital/public_html/api/vendor/laravel/framework/src/Illuminate/Database/Migrations/Migrator.php(224): Illuminate\\Database\\Migrations\\Migrator->write()
#16 /home/u142585150/domains/achei.digital/public_html/api/vendor/laravel/framework/src/Illuminate/Database/Migrations/Migrator.php(189): Illuminate\\Database\\Migrations\\Migrator->runUp()
#17 /home/u142585150/domains/achei.digital/public_html/api/vendor/laravel/framework/src/Illuminate/Database/Migrations/Migrator.php(132): Illuminate\\Database\\Migrations\\Migrator->runPending()
#18 /home/u142585150/domains/achei.digital/public_html/api/vendor/laravel/framework/src/Illuminate/Database/Console/Migrations/MigrateCommand.php(88): Illuminate\\Database\\Migrations\\Migrator->run()
#19 /home/u142585150/domains/achei.digital/public_html/api/vendor/laravel/framework/src/Illuminate/Database/Migrations/Migrator.php(636): Illuminate\\Database\\Console\\Migrations\\MigrateCommand->Illuminate\\Database\\Console\\Migrations\\{closure}()
#20 /home/u142585150/domains/achei.digital/public_html/api/vendor/laravel/framework/src/Illuminate/Database/Console/Migrations/MigrateCommand.php(81): Illuminate\\Database\\Migrations\\Migrator->usingConnection()
#21 /home/u142585150/domains/achei.digital/public_html/api/vendor/laravel/framework/src/Illuminate/Container/BoundMethod.php(36): Illuminate\\Database\\Console\\Migrations\\MigrateCommand->handle()
#22 /home/u142585150/domains/achei.digital/public_html/api/vendor/laravel/framework/src/Illuminate/Container/Util.php(41): Illuminate\\Container\\BoundMethod::Illuminate\\Container\\{closure}()
#23 /home/u142585150/domains/achei.digital/public_html/api/vendor/laravel/framework/src/Illuminate/Container/BoundMethod.php(93): Illuminate\\Container\\Util::unwrapIfClosure()
#24 /home/u142585150/domains/achei.digital/public_html/api/vendor/laravel/framework/src/Illuminate/Container/BoundMethod.php(35): Illuminate\\Container\\BoundMethod::callBoundMethod()
#25 /home/u142585150/domains/achei.digital/public_html/api/vendor/laravel/framework/src/Illuminate/Container/Container.php(661): Illuminate\\Container\\BoundMethod::call()
#26 /home/u142585150/domains/achei.digital/public_html/api/vendor/laravel/framework/src/Illuminate/Console/Command.php(183): Illuminate\\Container\\Container->call()
#27 /home/u142585150/domains/achei.digital/public_html/api/vendor/symfony/console/Command/Command.php(291): Illuminate\\Console\\Command->execute()
#28 /home/u142585150/domains/achei.digital/public_html/api/vendor/laravel/framework/src/Illuminate/Console/Command.php(152): Symfony\\Component\\Console\\Command\\Command->run()
#29 /home/u142585150/domains/achei.digital/public_html/api/vendor/laravel/framework/src/Illuminate/Console/Concerns/CallsCommands.php(67): Illuminate\\Console\\Command->run()
#30 /home/u142585150/domains/achei.digital/public_html/api/vendor/laravel/framework/src/Illuminate/Console/Concerns/CallsCommands.php(28): Illuminate\\Console\\Command->runCommand()
#31 /home/u142585150/domains/achei.digital/public_html/api/vendor/laravel/framework/src/Illuminate/Database/Console/Migrations/RefreshCommand.php(61): Illuminate\\Console\\Command->call()
#32 /home/u142585150/domains/achei.digital/public_html/api/vendor/laravel/framework/src/Illuminate/Container/BoundMethod.php(36): Illuminate\\Database\\Console\\Migrations\\RefreshCommand->handle()
#33 /home/u142585150/domains/achei.digital/public_html/api/vendor/laravel/framework/src/Illuminate/Container/Util.php(41): Illuminate\\Container\\BoundMethod::Illuminate\\Container\\{closure}()
#34 /home/u142585150/domains/achei.digital/public_html/api/vendor/laravel/framework/src/Illuminate/Container/BoundMethod.php(93): Illuminate\\Container\\Util::unwrapIfClosure()
#35 /home/u142585150/domains/achei.digital/public_html/api/vendor/laravel/framework/src/Illuminate/Container/BoundMethod.php(35): Illuminate\\Container\\BoundMethod::callBoundMethod()
#36 /home/u142585150/domains/achei.digital/public_html/api/vendor/laravel/framework/src/Illuminate/Container/Container.php(661): Illuminate\\Container\\BoundMethod::call()
#37 /home/u142585150/domains/achei.digital/public_html/api/vendor/laravel/framework/src/Illuminate/Console/Command.php(183): Illuminate\\Container\\Container->call()
#38 /home/u142585150/domains/achei.digital/public_html/api/vendor/symfony/console/Command/Command.php(291): Illuminate\\Console\\Command->execute()
#39 /home/u142585150/domains/achei.digital/public_html/api/vendor/laravel/framework/src/Illuminate/Console/Command.php(152): Symfony\\Component\\Console\\Command\\Command->run()
#40 /home/u142585150/domains/achei.digital/public_html/api/vendor/symfony/console/Application.php(1014): Illuminate\\Console\\Command->run()
#41 /home/u142585150/domains/achei.digital/public_html/api/vendor/symfony/console/Application.php(301): Symfony\\Component\\Console\\Application->doRunCommand()
#42 /home/u142585150/domains/achei.digital/public_html/api/vendor/symfony/console/Application.php(171): Symfony\\Component\\Console\\Application->doRun()
#43 /home/u142585150/domains/achei.digital/public_html/api/vendor/laravel/framework/src/Illuminate/Console/Application.php(102): Symfony\\Component\\Console\\Application->run()
#44 /home/u142585150/domains/achei.digital/public_html/api/vendor/laravel/framework/src/Illuminate/Foundation/Console/Kernel.php(155): Illuminate\\Console\\Application->run()
#45 /home/u142585150/domains/achei.digital/public_html/api/artisan(35): Illuminate\\Foundation\\Console\\Kernel->handle()
#46 {main}
"} 
